2026-07-08 17:33:29.717 [main] INFO  o.e.s.SpringDemo3Application - Starting SpringDemo3Application using Java 17.0.0.1 with PID 48716 (E:\code\java\前端项目\springDemo3\target\classes started by 78201 in E:\code\java\前端项目)
2026-07-08 17:33:29.722 [main] INFO  o.e.s.SpringDemo3Application - No active profile set, falling back to 1 default profile: "default"
2026-07-08 17:33:30.296 [background-preinit] INFO  o.h.validator.internal.util.Version - HV000001: Hibernate Validator 9.0.1.Final
2026-07-08 17:33:31.459 [main] INFO  o.s.boot.tomcat.TomcatWebServer - Tomcat initialized with port 8080 (http)
2026-07-08 17:33:31.473 [main] INFO  o.a.coyote.http11.Http11NioProtocol - Initializing ProtocolHandler ["http-nio-8080"]
2026-07-08 17:33:31.475 [main] INFO  o.a.catalina.core.StandardService - Starting service [Tomcat]
2026-07-08 17:33:31.475 [main] INFO  o.a.catalina.core.StandardEngine - Starting Servlet engine: [Apache Tomcat/11.0.20]
2026-07-08 17:33:31.573 [main] INFO  o.s.b.w.c.s.WebApplicationContextInitializer - Root WebApplicationContext: initialization completed in 1788 ms
2026-07-08 17:33:32.925 [main] INFO  o.a.coyote.http11.Http11NioProtocol - Starting ProtocolHandler ["http-nio-8080"]
2026-07-08 17:33:32.989 [main] INFO  o.s.boot.tomcat.TomcatWebServer - Tomcat started on port 8080 (http) with context path '/'
2026-07-08 17:33:33.000 [main] INFO  o.e.s.SpringDemo3Application - Started SpringDemo3Application in 3.771 seconds (process running for 4.126)
2026-07-08 17:33:33.005 [main] WARN  o.s.c.events.SpringDocAppInitializer - SpringDoc /v3/api-docs endpoint is enabled by default. To disable it in production, set the property 'springdoc.api-docs.enabled=false'
2026-07-08 17:33:33.006 [main] WARN  o.s.c.events.SpringDocAppInitializer - SpringDoc /swagger-ui.html endpoint is enabled by default. To disable it in production, set the property 'springdoc.swagger-ui.enabled=false'
2026-07-08 17:34:08.376 [http-nio-8080-exec-1] INFO  o.a.c.c.C.[Tomcat].[localhost].[/] - Initializing Spring DispatcherServlet 'dispatcherServlet'
2026-07-08 17:34:08.377 [http-nio-8080-exec-1] INFO  o.s.web.servlet.DispatcherServlet - Initializing Servlet 'dispatcherServlet'
2026-07-08 17:34:08.379 [http-nio-8080-exec-1] INFO  o.s.web.servlet.DispatcherServlet - Completed initialization in 2 ms
2026-07-08 17:34:08.470 [http-nio-8080-exec-1] INFO  o.e.s.controller.DeptController - Request start: page department, page=1, pageSize=10
2026-07-08 17:34:08.494 [http-nio-8080-exec-1] INFO  com.zaxxer.hikari.HikariDataSource - HikariPool-1 - Starting...
2026-07-08 17:34:08.887 [http-nio-8080-exec-1] INFO  com.zaxxer.hikari.pool.HikariPool - HikariPool-1 - Added connection com.mysql.cj.jdbc.ConnectionImpl@72468262
2026-07-08 17:34:08.890 [http-nio-8080-exec-1] INFO  com.zaxxer.hikari.HikariDataSource - HikariPool-1 - Start completed.
2026-07-08 17:34:09.001 [http-nio-8080-exec-1] INFO  o.e.s.controller.DeptController - Request success: page department, total=5, rows=5
2026-07-08 17:34:13.057 [http-nio-8080-exec-2] INFO  o.e.s.controller.DeptController - Request start: page department, page=1, pageSize=5
2026-07-08 17:34:13.077 [http-nio-8080-exec-2] INFO  o.e.s.controller.DeptController - Request success: page department, total=5, rows=5
2026-07-08 17:38:19.632 [http-nio-8080-exec-5] INFO  o.e.s.controller.DeptController - Request start: page department, page=1, pageSize=10
2026-07-08 17:38:19.651 [http-nio-8080-exec-5] INFO  o.e.s.controller.DeptController - Request success: page department, total=5, rows=5
